<?xml version="1.0" encoding="UTF-8" ?>
<testsuite tests="6" failures="0" name="com.hubin.dao.UserMapperTest" time="1.37" errors="0" skipped="0">
  <properties>
[...]
</properties>
  <testcase classname="com.hubin.dao.UserMapperTest" name="testUpdateUser" time="1.325"/>
  <testcase classname="com.hubin.dao.UserMapperTest" name="testdeleteUser" time="0.005"/>
  <testcase classname="com.hubin.dao.UserMapperTest" name="testselectUser" time="0.017"/>
  <testcase classname="com.hubin.dao.UserMapperTest" name="testselstUserById" time="0.013"/>
  <testcase classname="com.hubin.dao.UserMapperTest" name="testselstUserByNP" time="0.01"/>
  <testcase classname="com.hubin.dao.UserMapperTest" name="testaddUser" time="0"/>
</testsuite>